2015-05-30 17:31:29,341 - Log4JLogChute initialized using file 'target/velocity.log'
2015-05-30 17:31:29,342 - Initializing Velocity, Calling init()...
2015-05-30 17:31:29,342 - Starting Apache Velocity v1.7 (compiled: 2010-11-19 12:14:37)
2015-05-30 17:31:29,342 - Default Properties File: org\apache\velocity\runtime\defaults\velocity.properties
2015-05-30 17:31:29,342 - Trying to use logger class org.apache.velocity.runtime.log.AvalonLogChute
2015-05-30 17:31:29,342 - Target log system for org.apache.velocity.runtime.log.AvalonLogChute is not available (java.lang.NoClassDefFoundError: org/apache/log/format/Formatter).  Falling back to next log system...
2015-05-30 17:31:29,342 - Trying to use logger class org.apache.velocity.runtime.log.Log4JLogChute
2015-05-30 17:31:29,342 - Using logger class org.apache.velocity.runtime.log.Log4JLogChute
2015-05-30 17:31:29,346 - ResourceLoader instantiated: org.apache.velocity.runtime.resource.loader.FileResourceLoader
2015-05-30 17:31:29,347 - Do unicode file recognition:  false
2015-05-30 17:31:29,347 - FileResourceLoader : adding path '.'
2015-05-30 17:31:29,375 - ResourceCache: initialized (class org.apache.velocity.runtime.resource.ResourceCacheImpl) with class java.util.Collections$SynchronizedMap cache map.
2015-05-30 17:31:29,376 - Loaded System Directive: org.apache.velocity.runtime.directive.Stop
2015-05-30 17:31:29,377 - Loaded System Directive: org.apache.velocity.runtime.directive.Define
2015-05-30 17:31:29,378 - Loaded System Directive: org.apache.velocity.runtime.directive.Break
2015-05-30 17:31:29,379 - Loaded System Directive: org.apache.velocity.runtime.directive.Evaluate
2015-05-30 17:31:29,380 - Loaded System Directive: org.apache.velocity.runtime.directive.Literal
2015-05-30 17:31:29,381 - Loaded System Directive: org.apache.velocity.runtime.directive.Macro
2015-05-30 17:31:29,382 - Loaded System Directive: org.apache.velocity.runtime.directive.Parse
2015-05-30 17:31:29,383 - Loaded System Directive: org.apache.velocity.runtime.directive.Include
2015-05-30 17:31:29,383 - Loaded System Directive: org.apache.velocity.runtime.directive.Foreach
2015-05-30 17:31:29,384 - Loaded User Directive: org.mybatis.scripting.velocity.InDirective
2015-05-30 17:31:29,410 - Created '20' parsers.
2015-05-30 17:31:29,417 - Velocimacro : "velocimacro.library" is not set.  Trying default library: VM_global_library.vm
2015-05-30 17:31:29,417 - Velocimacro : Default library not found.
2015-05-30 17:31:29,417 - Velocimacro : allowInline = true : VMs can be defined inline in templates
2015-05-30 17:31:29,417 - Velocimacro : allowInlineToOverride = false : VMs defined inline may NOT replace previous VM definitions
2015-05-30 17:31:29,417 - Velocimacro : allowInlineLocal = false : VMs defined inline will be global in scope if allowed.
2015-05-30 17:31:29,417 - Velocimacro : autoload off : VM system will not automatically reload global library macros
